cting: 575it [10:05,  1.02it/s]except ('CC(C)(C)C1=CC2=C(C(=C1)C(C)(C)C)OP(OC3=C2C=C(C=C3C(C)(C)C)C(C)(C)C)O', 20523493)
extracting: 602it [13:08,  4.42it/s]except ('CCC(C)C1C(C=CC2(O1)CC3CC(O2)CC=C(C(C(C=CC=C4COC5C4(C(C=C(C5O)C)C(=O)O3)O)C)OC6CC(C(C(O6)C)OC7CC(C(C(O7)C)O)OC)OC)C)C.CC1C=CC=C2COC3C2(C(C=C(C3O)C)C(=O)OC4CC(CC=C(C1OC5CC(C(C(O5)C)OC6CC(C(C(O6)C)O)OC)OC)C)OC7(C4)C=CC(C(O7)C(C)C)C)O', 6435890)
extracting: 676it [13:54,  3.77it/s]except ('CC1CCC2(C(C3C(O2)CC4C3(CCC5C4CC=C6C5(CCC(C6)OC7C(C(C(C(O7)CO)O)OC8C(C(C(C(O8)CO)O)O)O)OC9C(C(C(C(O9)C)O)O)O)C)C)C)NC1', 119247)
extracting: 709it [16:26,  4.38it/s]except ('CC=C(C)C(=O)OC1CC(C2(COC3C2C14COC(C4C(C3O)(C)C56C7CC(C5(O6)C)C8(C=COC8O7)O)(C(=O)OC)O)C(=O)OC)OC(=O)C', 5281303)
extracting: 758it [17:33,  4.18it/s]except ('C(C1C2C(C(C(O1)OC3C(OC(C(C3O)O)OC4C(OC(C(C4O)O)OC5C(OC(C(C5O)O)OC6C(OC(C(C6O)O)OC7C(OC(C(C7O)O)OC8C(OC(O2)C(C8O)O)CO)CO)CO)CO)CO)CO)O)O)O', 444041)
extracting: 845it [19:51,  4.02it/s]except ('[C]', 5462310)
extracting: 878it [21:41,  4.01it/s]except ('[Cr+3]', 27668)
extracting: 1124it [25:11,  1.60it/s]except ('C=C', 6325)
extracting: 1143it [28:14,  2.77it/s]except ('CC(C)(C[Sn](CC(C)(C)C1=CC=CC=C1)(CC(C)(C)C2=CC=CC=C2)O[Sn](CC(C)(C)C3=CC=CC=C3)(CC(C)(C)C4=CC=CC=C4)CC(C)(C)C5=CC=CC=C5)C6=CC=CC=C6', 16683004)
extracting: 1178it [28:44,  3.39it/s]except ('[F-]', 28179)
extracting: 1561it [35:03,  1.06it/s]except ('CCC(C)C1C(=O)NC(=C)C(=O)NC(C(=O)NC(CSCC(C(=O)N1)NC(=O)C(=CC)NC(=O)C(C(C)CC)N)C(=O)NC2C(SCC(NC(=O)CNC(=O)C3CCCN3C2=O)C(=O)NC(CCCCN)C(=O)NC4C(SCC(NC(=O)CNC(=O)C(NC(=O)C(NC(=O)C(NC(=O)CNC4=O)C)CC(C)C)CCSC)C(=O)NC(CC(=O)N)C(=O)NC(CCSC)C(=O)NC(CCCCN)C(=O)NC5C(SCC6C(=O)NC(C(=O)NC(CSC(C(C(=O)N6)NC(=O)C(NC5=O)C)C)C(=O)NC(CO)C(=O)NC(C(C)CC)C(=O)NC(CC7=CN=CN7)C(=O)NC(C(C)C)C(=O)NC(=C)C(=O)NC(CCCCN)C(=O)O)CC8=CN=CN8)C)C)C)CC(C)C', 16129667)
extracting: 1562it [38:00, 53.52s/it]except ('[N+](=O)([O-])[O-]', 943)
extracting: 1563it [38:01, 37.99s/it]except ('N(=O)[O-]', 946)
extracting: 1636it [38:25,  3.25it/s]except ('[Pd]', 23938)
extracting: 1687it [41:30,  3.44it/s]except ('P', 24404)
extracting: 1733it [42:31,  3.25it/s]except ('[HH]', 783)
extracting: 1880it [45:23,  2.54it/s]except ('O=S(=O)(F)F', 17607)
extracting: 1881it [47:54, 45.43s/it]except ('[S]', 5362487)
extracting: 1882it [47:55, 32.31s/it]except ('OS(=O)(=O)O', 1118)
extracting: 1942it [48:23,  1.19s/it]except ('CCCC[Sn](CCCC)(CCCC)O[Sn](CCCC)(CCCC)CCCC', 16682746)
extracting: 2001it [51:35,  3.46it/s]except ('[Ca+2]', 271)
extracting: 2002it [52:39, 19.30s/it]except ('[Cl-]', 312)
extracting: 2004it [52:42, 10.16s/it]except ('[Co+2]', 104729)
extracting: 2006it [52:57,  8.13s/it]except ('[Cu+2]', 27099)
extracting: 2011it [54:23,  7.73s/it]except ('[Fe+2]', 27284)
extracting: 2012it [55:46, 30.17s/it]except ('[Fe+3]', 29936)
extracting: 2015it [55:49, 10.97s/it]except ('[K+]', 813)
extracting: 2017it [56:03,  8.20s/it]except ('[Mg+2]', 888)
extracting: 2019it [57:25, 21.27s/it]except ('[Mn+2]', 27854)
extracting: 2023it [58:50, 14.04s/it]except ('[NH4+]', 223)
extracting: 2024it [59:03, 13.63s/it]except ('[Ni+2]', 934)
extracting: 2030it [59:09,  2.10s/it]except ('[O-]S(=O)(=O)[O-]', 1117)
extracting: 2036it [1:00:53,  5.68s/it]except ('[Zn+2]', 32051)
extracting: 2039it [1:02:08, 13.10s/it]except ('[H+]', 1038)
extracting: 2060it [1:02:18,  3.15it/s]except ('[Ag+]', 104755)
extracting: 2071it [1:03:33,  1.07it/s]except ('CCCCCCCCCCCCCC(=O)OC(CCCCCCCCCCC)CC(=O)OC1C(C(OC(C1OP(=O)([O-])[O-])COC2(CC(C(C(O2)C(CO)O)OC3C(C(C(C(O3)C(CO)O)OP(=O)([O-])[O-])OC4C(C(C(C(O4)C(COC5C(C(C(C(O5)C(CO)O)O)O)O)O)OP(=O)([O-])[O-])OC6C(C(C(C(O6)COC7C(C(C(C(O7)CO)O)O)O)O)OC8C(C(C(C(O8)CO)O)O)OC9C(C(C(C(O9)COC1C(C(C(C(O1)C(CO)O)O)O)O)O)O)O)O)O)O)OC1(CC(C(C(O1)C(CO)O)OC1C(C(C(C(O1)C)O)O)O)OC1(CC(C(C(O1)C(CO)O)O)O)C(=O)[O-])C(=O)[O-])C(=O)[O-])OCC1C(C(C(C(O1)OP(=O)(O)O)N=C(CC(CCCCCCCCCCC)O)[O-])OC(=O)CC(CCCCCCCCCCC)O)O)N=C(CC(CCCCCCCCCCC)OC(=O)CCCCCCCCCCC)[O-]', 45479639)
extracting: 2074it [1:04:22,  7.62s/it]except ('[Cu+]', 104815)
extracting: 2085it [1:05:16,  1.11it/s]except ('CCCCCCCCCCCCCC(=O)OC(CCCCCCCCCCC)CC(=O)OC1C(C(OC(C1OP(=O)([O-])[O-])COC2(CC(C(C(O2)C(CO)O)O)OC3(CC(C(C(O3)C(CO)OP(=O)(O)OCCN)O)O)C(=O)[O-])C(=O)[O-])OCC4C(C(C(C(O4)OP(=O)([O-])[O-])NC(=O)CC(CCCCCCCCCCC)O)OC(=O)CC(CCCCCCCCCCC)O)O)NC(=O)CC(CCCCCCCCCCC)OC(=O)CCCCCCCCCCC', 44237162)
extracting: 2088it [1:05:52,  5.70s/it]except ('C=O', 712)
extracting: 2128it [1:06:52,  3.09it/s]except ('[N-]=[N+]=O', 948)
extracting: 2129it [1:09:01, 39.01s/it]except ('[Na+]', 923)
extracting: 2131it [1:09:02, 19.27s/it]except ('[N]=O', 145068)
extracting: 2145it [1:09:16,  1.84it/s]except ('[O-][Se](=O)(=O)[O-]', 26473)
extracting: 2218it [1:10:44,  2.79it/s]except ('CCCCCCCCCCCCCC(=O)OC(CCCCCCCCCCC)CC(=O)OC1C(C(OC(C1OP(=O)(O)OC2C(C(C(CO2)N)O)O)COC3(CC(C(C(O3)C(CO)O)OC4C(C(C(C(O4)C(CO)O)OP(=O)([O-])[O-])OC5C(C(C(C(O5)C(COC6C(C(C(C(O6)C(CO)O)O)O)O)O)OP(=O)([O-])[O-])OC7C(C(C(C(O7)COC8C(C(C(C(O8)CO)O)O)O)O)OC9C(C(C(C(O9)CO)O)O)OC1C(C(C(C(O1)COC1C(C(C(C(O1)C(CO)O)O)O)O)O)O)O)O)O)O)OC1(CC(C(C(O1)C(CO)O)OC1C(C(C(C(O1)C)O)O)O)OC1(CC(C(C(O1)C(CO)O)O)O)C(=O)[O-])C(=O)[O-])C(=O)[O-])OCC1C(C(C(C(O1)OP(=O)(O)O)N=C(CC(CCCCCCCCCCC)O)[O-])OC(=O)CC(CCCCCCCCCCC)O)O)N=C(CC(CCCCCCCCCCC)OC(=O)CCCCCCCCCCC)[O-]', 45479618)
extracting: 2289it [1:13:50,  2.87it/s]except ('[Cd+2]', 31193)
extracting: 2306it [1:14:47,  2.69it/s]except ('CCCCCCCCCCCCCC(=O)OC(CCCCCCCCCCC)CC(=O)OC1C(C(OC(C1OP(=O)([O-])[O-])COC2(CC(C(C(O2)C(CO)O)O)OC3(CC(C(C(O3)C(CO)O)O)O)C(=O)[O-])C(=O)[O-])OCC4C(C(C(C(O4)OP(=O)([O-])[O-])NC(=O)CC(CCCCCCCCCCC)O)OC(=O)CC(CCCCCCCCCCC)O)O)NC(=O)CC(CCCCCCCCCCC)OC(=O)CCCCCCCC=CCCCCCC', 25246139)
extracting: 2373it [1:15:36,  2.48it/s]except ('CC=C(C)CCC=C(C)CCC=C(C)CCC=C(C)CCC=C(C)CCC=C(C)CCC=C(C)CCC=C(C)CCC=C(C)CCC=C(C)CCC=C(C)COP(=O)(O)OP(=O)(O)OC1C(C(C(C(O1)CO)OC2C(C(C(C(O2)C(=O)O)OC3C(C(C(C(O3)C)N=C(C)[O-])OC4C(C(C(C(O4)CO)OC5C(C(C(C(O5)C(=O)O)OC6C(C(C(C(O6)C)N=C(C)[O-])OC7C(C(C(C(O7)CO)OC8C(C(C(C(O8)C(=O)O)OC9C(C(C(C(O9)C)N=C(C)[O-])OC1C(C(C(C(O1)CO)OC1C(C(C(C(O1)C(=O)O)OC1C(C(C(C(O1)C)N=C(C)[O-])O)O)O)NC(=O)C)O)N=C(C)[O-])O)O)NC(=O)C)O)N=C(C)[O-])O)O)NC(=O)C)O)NC(=O)C)O)O)NC(=O)C)O)NC(=O)C', 45479509)
extracting: 2374it [1:17:36, 36.14s/it]except ('CC=C(C)CCC=C(C)CCC=C(C)CCC=C(C)CCC=C(C)CCC=C(C)CCC=C(C)CCC=C(C)CCC=C(C)CCC=C(C)CCC=C(C)COP(=O)(O)OP(=O)(O)OC1C(C(C(C(O1)CO)OC2C(C(C(C(O2)C(=O)O)OC3C(C(C(C(O3)C)N=C(C)[O-])OC4C(C(C(C(O4)CO)OC5C(C(C(C(O5)C(=O)O)OC6C(C(C(C(O6)C)N=C(C)[O-])O)O)O)N=C(C)[O-])O)N=C(C)[O-])O)O)NC(=O)C)O)NC(=O)C', 45479405)
extracting: 2376it [1:17:37, 18.05s/it]except ('CC=C(C)CCC=C(C)CCC=C(C)CCC=C(C)CCC=C(C)CCC=C(C)CCC=C(C)CCC=C(C)CCC=C(C)CCC=C(C)CCC=C(C)COP(=O)(O)OP(=O)(O)OC1C(C(C(C(O1)CO)OC2C(C(C(C(O2)C(=O)O)OC3C(C(C(C(O3)C)N=C(C)[O-])OC4C(C(C(C(O4)CO)OC5C(C(C(C(O5)C(=O)O)OC6C(C(C(C(O6)C)N=C(C)[O-])OC7C(C(C(C(O7)CO)OC8C(C(C(C(O8)C(=O)O)OC9C(C(C(C(O9)C)N=C(C)[O-])O)O)O)NC(=O)C)O)N=C(C)[O-])O)O)NC(=O)C)O)N=C(C)[O-])O)O)NC(=O)C)O)NC(=O)C', 45479213)
extracting: 2418it [1:18:10,  2.99it/s]except ('CCCCCCCCCCCCCC(=O)OC(CCCCCCCCCCC)CC(=O)OC1C(C(OC(C1OP(=O)([O-])[O-])COC2(CC(C(C(O2)C(CO)O)OC3C(C(C(C(O3)C(CO)O)OP(=O)([O-])[O-])OC4C(C(C(C(O4)C(COC5C(C(C(C(O5)C(CO)O)O)O)O)O)OP(=O)([O-])[O-])OC6C(C(C(C(O6)CO)O)O)O)O)O)OC7(CC(C(C(O7)C(CO)O)OC8C(C(C(C(O8)C)O)O)O)OC9(CC(C(C(O9)C(CO)O)O)O)C(=O)[O-])C(=O)[O-])C(=O)[O-])OCC1C(C(C(C(O1)OP(=O)(O)O)N=C(CC(CCCCCCCCCCC)O)[O-])OC(=O)CC(CCCCCCCCCCC)O)O)N=C(CC(CCCCCCCCCCC)OC(=O)CCCCCCCCCCC)[O-]', 45479671)
extracting: 2419it [1:20:49, 47.95s/it]except ('CCCCCCCCCCCCCC(=O)OC(CCCCCCCCCCC)CC(=O)OC1C(C(OC(C1OP(=O)([O-])[O-])COC2(CC(C(C(O2)C(CO)O)OC3C(C(C(C(O3)C(CO)O)OP(=O)([O-])[O-])OC4C(C(C(C(O4)C(COC5C(C(C(C(O5)C(CO)O)O)O)O)O)OP(=O)([O-])[O-])OC6C(C(C(C(O6)COC7C(C(C(C(O7)CO)O)O)O)O)O)O)O)O)OC8(CC(C(C(O8)C(CO)O)OC9C(C(C(C(O9)C)O)O)O)OC1(CC(C(C(O1)C(CO)O)O)O)C(=O)[O-])C(=O)[O-])C(=O)[O-])OCC1C(C(C(C(O1)OP(=O)(O)O)N=C(CC(CCCCCCCCCCC)O)[O-])OC(=O)CC(CCCCCCCCCCC)O)O)N=C(CC(CCCCCCCCCCC)OC(=O)CCCCCCCCCCC)[O-]', 45479660)
extracting: 2432it [1:20:55,  1.22it/s]except ('CCCCCCCCCCCCCC(=O)OC(CCCCCCCCCCC)CC(=O)OC1C(C(OC(C1OP(=O)([O-])[O-])COC2(CC(C(C(O2)C(CO)O)OC3C(C(C(C(O3)C(CO)O)OP(=O)([O-])[O-])OC4C(C(C(C(O4)C(COC5C(C(C(C(O5)C(CO)O)O)O)O)O)OP(=O)([O-])[O-])O)O)O)OC6(CC(C(C(O6)C(CO)O)OC7C(C(C(C(O7)C)O)O)O)OC8(CC(C(C(O8)C(CO)O)O)O)C(=O)[O-])C(=O)[O-])C(=O)[O-])OCC9C(C(C(C(O9)OP(=O)(O)O)N=C(CC(CCCCCCCCCCC)O)[O-])OC(=O)CC(CCCCCCCCCCC)O)O)N=C(CC(CCCCCCCCCCC)OC(=O)CCCCCCCCCCC)[O-]', 45479439)
extracting: 2433it [1:21:07,  4.33s/it]except ('CCCCCCCCCCCCCC(=O)OC(CCCCCCCCCCC)CC(=O)OC1C(C(OC(C1OP(=O)([O-])[O-])COC2(CC(C(C(O2)C(CO)O)OC3C(C(C(C(O3)C(CO)O)OP(=O)([O-])[O-])OC4C(C(C(C(O4)C(COC5C(C(C(C(O5)C(CO)O)O)O)O)O)OP(=O)([O-])[O-])OC6C(C(C(C(O6)COC7C(C(C(C(O7)CO)O)O)O)O)OC8C(C(C(C(O8)CO)O)O)O)O)O)O)OC9(CC(C(C(O9)C(CO)O)OC1C(C(C(C(O1)C)O)O)O)OC1(CC(C(C(O1)C(CO)O)O)O)C(=O)[O-])C(=O)[O-])C(=O)[O-])OCC1C(C(C(C(O1)OP(=O)(O)O)N=C(CC(CCCCCCCCCCC)O)[O-])OC(=O)CC(CCCCCCCCCCC)O)O)N=C(CC(CCCCCCCCCCC)OC(=O)CCCCCCCCCCC)[O-]', 45479407)
extracting: 2434it [1:21:11,  4.23s/it]except ('CCCCCCCCCCCCCC(=O)OC(CCCCCCCCCCC)CC(=O)OC1C(C(OC(C1OP(=O)([O-])[O-])COC2(CC(C(C(O2)C(CO)O)OC3C(C(C(C(O3)C(CO)O)OP(=O)([O-])[O-])OC4C(C(C(C(O4)C(COC5C(C(C(C(O5)C(CO)O)O)O)O)O)OP(=O)([O-])[O-])OC6C(C(C(C(O6)COC7C(C(C(C(O7)CO)O)O)O)O)OC8C(C(C(C(O8)CO)O)O)OC9C(C(C(C(O9)CO)O)O)O)O)O)O)OC1(CC(C(C(O1)C(CO)O)OC1C(C(C(C(O1)C)O)O)O)OC1(CC(C(C(O1)C(CO)O)O)O)C(=O)[O-])C(=O)[O-])C(=O)[O-])OCC1C(C(C(C(O1)OP(=O)(O)O)N=C(CC(CCCCCCCCCCC)O)[O-])OC(=O)CC(CCCCCCCCCCC)O)O)N=C(CC(CCCCCCCCCCC)OC(=O)CCCCCCCCCCC)[O-]', 45479456)
extracting: 2458it [1:23:58,  2.75it/s]except ('[SH-]', 5047209)
extracting: 2466it [1:24:26,  1.01it/s]except ('CCCCCCCCCCCCCC(=O)OC(CCCCCCCCCCC)CC(=O)OC1C(C(OC(C1OP(=O)([O-])[O-])COC2(CC(C(C(O2)C(CO)O)OC3C(C(C(C(O3)C(CO)O)O)OC4C(C(C(C(O4)C(CO)O)O)O)O)O)OC5(CC(C(C(O5)C(CO)O)O)O)C(=O)[O-])C(=O)[O-])OCC6C(C(C(C(O6)OP(=O)([O-])[O-])NC(=O)CC(CCCCCCCCCCC)O)OC(=O)CC(CCCCCCCCCCC)O)O)NC(=O)CC(CCCCCCCCCCC)OC(=O)CCCCCCCCCCC', 50909858)
extracting: 2469it [1:24:40,  2.50s/it]except ('[Hg+2]', 26623)
extracting: 2525it [1:26:00,  2.67it/s]except ('CCCCCCCCCCCCCC(=O)OC(CCCCCCCCCCC)CC(=O)OC1C(C(OC(C1OP(=O)([O-])[O-])COC2(CC(C(C(O2)C(CO)O)OC3C(C(C(C(O3)C(CO)O)OP(=O)([O-])[O-])OC4C(C(C(C(O4)C(COC5C(C(C(C(O5)C(CO)O)O)O)O)O)OP(=O)([O-])[O-])O)O)O)OC6(CC(C(C(O6)C(CO)O)O)O)C(=O)[O-])C(=O)[O-])OCC7C(C(C(C(O7)OP(=O)(O)O)N=C(CC(CCCCCCCCCCC)O)[O-])OC(=O)CC(CCCCCCCCCCC)O)O)N=C(CC(CCCCCCCCCCC)OC(=O)CCCCCCCCCCC)[O-]', 45479366)
extracting: 2526it [1:28:30, 45.27s/it]except ('CCCCCCCCCCCCCC(=O)OC(CCCCCCCCCCC)CC(=O)OC1C(C(OC(C1OP(=O)([O-])[O-])COC2(CC(C(C(O2)C(CO)O)OC3C(C(C(C(O3)C(CO)O)OP(=O)([O-])[O-])OC4C(C(C(C(O4)C(COC5C(C(C(C(O5)C(CO)O)O)O)O)O)OP(=O)([O-])[O-])O)O)O)OC6(CC(C(C(O6)C(CO)O)O)OC7(CC(C(C(O7)C(CO)O)O)O)C(=O)[O-])C(=O)[O-])C(=O)[O-])OCC8C(C(C(C(O8)OP(=O)(O)O)N=C(CC(CCCCCCCCCCC)O)[O-])OC(=O)CC(CCCCCCCCCCC)O)O)N=C(CC(CCCCCCCCCCC)OC(=O)CCCCCCCCCCC)[O-]', 45479673)
extracting: 2543it [1:28:44,  2.06it/s]except ('CC1C(C(C(C(O1)OC2C(C(OC(C2O)COC3C(C(C(C(O3)CO)O)O)O)OC4C(C(OC4OCC5C(C(C(C(O5)OC6C(C(OC(C6OC(=O)C)OC7C(C(OC(C7O)COC8C(C(C(C(O8)CO)O)O)O)OP(=O)(O)OP(=O)(O)OCC=C(C)CCC=C(C)CCC=C(C)CCC=C(C)CCC=C(C)CCC=C(C)CCC=C(C)CCC=C(C)CCC=C(C)CCC=C(C)CCC=C(C)C)N=C(C)[O-])C)O)O)O)O)C(CO)O)O)N=C(C)[O-])OC(=O)C)OC9C(C(C(C(O9)COC1C(C(C(O1)C(CO)O)O)O)O)O)O)O', 45479591)
extracting: 2608it [1:29:37,  2.74it/s]except ('[O-][Se](=O)[O-]', 1090)
extracting: 2610it [1:32:08, 31.91s/it]except ('[SeH-]', 5232483)
extracting: 2611it [1:32:09, 22.62s/it]except ('[O-]P(=O)([O-])[Se-]', 16019955)
extracting: 2988it [1:38:34, 10.24s/it]except ('N#N', 947)
extracting: 3102it [1:41:47,  2.37it/s]except ('II', 807)
extracting: 3103it [1:43:55, 38.55s/it]except ('[I-]', 30165)
extracting: 3139it [1:44:13,  2.41it/s]except ('C', 297)
extracting: 3158it [1:45:12,  2.23it/s]except ('NO', 787)
extracting: 3286it [1:47:08,  2.14it/s]except ('C(#N)SO', 124985)
extracting: 3700it [1:56:22,  1.79s/it]except ('[Ca]', 5460341)
extracting: 3702it [1:58:49, 31.69s/it]except ('[Cu]', 23978)
extracting: 3703it [1:58:50, 22.64s/it]except ('[K]', 5462222)
extracting: 3706it [1:58:54,  8.46s/it]except ('[Mn]', 23930)
extracting: 3709it [1:59:35,  8.94s/it]except ('[Ni]', 935)
extracting: 3715it [2:01:56,  8.42s/it]except ('[Zn]', 23994)
extracting: 3717it [2:02:05,  6.11s/it]except ('CC1C(=O)NC(C(=O)NC(C(=O)NC(C(=O)NC(CCCC(NC(=O)C(NC(=O)C(NC(=O)C(OC2C(C(OC=C2NC(=O)C)CO)OC3C(C(C(C(O3)CO)OC4C(C(C(C(O4)CO)OC5C(C(C(C(O5)CO)O)O)NC(=O)C)OC(C(=O)N1)C)NC(=O)C)O)NC(=O)C)C)C)CCC(=O)O)C(=O)NC(C)C(=O)NC(C)C(=O)O)C(=O)O)C)CCCC(C(=O)O)N)CCC(=O)O', 45479477)
extracting: 3725it [2:02:32,  1.42s/it]except ('[Ag]', 23954)
extracting: 3753it [2:03:06,  1.80it/s]except ('[Na]', 5360545)
extracting: 3793it [2:05:59,  2.20it/s]except ('CC1=C2C(C(C([N-]2)C3(C(C(C(=N3)C(=C4C(C(C(=N4)C=C5C(C(C1=N5)CCC(=O)N)(C)C)CCC(=O)N)(C)CC(=O)N)C)CCC(=O)N)(C)CC(=O)N)C)CC(=O)N)(C)CCC(=O)NCC(C)OP(=O)(O)OP(=O)(O)OCC6C(C(C(O6)N7C=NC8=C7N=C(NC8=O)N)O)O.[CH2-]C1C(C(C(O1)N2C=NC3=C(N=CN=C32)N)O)O.[Co]', 135922733)
extracting: 3850it [2:07:07,  1.85it/s]except ('[Cd]', 23973)
extracting: 3930it [2:09:44,  2.27it/s]except ('CCCCCCCCCCCCCC(=O)OC(CCCCCCCCCCC)CC(=O)OC1C(C(OC(C1OP(=O)([O-])[O-])COC2(CC(C(C(O2)C(CO)O)OC3C(C(C(C(O3)C(CO)O)OP(=O)([O-])[O-])OC4C(C(C(C(O4)C(COC5C(C(C(C(O5)C(CO)O)O)O)O)O)OP(=O)([O-])[O-])OC6C(C(C(C(O6)COC7C(C(C(C(O7)CO)O)O)O)O)O)O)O)O)OC8(CC(C(C(O8)C(CO)O)O)OC9(CC(C(C(O9)C(CO)O)OC1C(C(C(C(O1)C)O)O)O)O)C(=O)[O-])C(=O)[O-])C(=O)[O-])OCC1C(C(C(C(O1)OP(=O)([O-])[O-])NC(=O)CC(CCCCCCCCCCC)O)OC(=O)CC(CCCCCCCCCCC)O)O)NC(=O)CC(CCCCCCCCCCC)OC(=O)CCCCCCCCCCC', 134820504)
extracting: 3940it [2:11:12,  1.48s/it]except ('CCCCCCCCCCCCCC(=O)OC(CCCCCCCCCCC)CC(=O)OC1C(C(OC(C1OP(=O)([O-])[O-])COC2(CC(C(C(O2)C(CO)O)OC3C(C(C(C(O3)C(CO)O)OP(=O)([O-])[O-])OC4C(C(C(C(O4)C(COC5C(C(C(C(O5)C(CO)O)O)O)O)O)OP(=O)([O-])[O-])OC6C(C(C(C(O6)COC7C(C(C(C(O7)CO)O)O)O)O)OC8C(C(C(C(O8)CO)O)O)O)O)O)O)OC9(CC(C(C(O9)C(CO)O)O)OC1(CC(C(C(O1)C(CO)O)OC1C(C(C(C(O1)C)O)O)O)O)C(=O)[O-])C(=O)[O-])C(=O)[O-])OCC1C(C(C(C(O1)OP(=O)([O-])[O-])NC(=O)CC(CCCCCCCCCCC)O)OC(=O)CC(CCCCCCCCCCC)O)O)NC(=O)CC(CCCCCCCCCCC)OC(=O)CCCCCCCCCCC', 134820167)
extracting: 3941it [2:11:22,  3.93s/it]except ('CCCCCCCCCCCCCC(=O)OC(CCCCCCCCCCC)CC(=O)OC1C(C(OC(C1OP(=O)([O-])[O-])COC2(CC(C(C(O2)C(CO)O)OC3C(C(C(C(O3)C(CO)O)OP(=O)([O-])[O-])OC4C(C(C(C(O4)C(COC5C(C(C(C(O5)C(CO)O)O)O)O)O)OP(=O)([O-])[O-])OC6C(C(C(C(O6)COC7C(C(C(C(O7)CO)O)O)O)O)OC8C(C(C(C(O8)CO)O)O)OC9C(C(C(C(O9)CO)O)O)O)O)O)O)OC1(CC(C(C(O1)C(CO)O)O)OC1(CC(C(C(O1)C(CO)O)OC1C(C(C(C(O1)C)O)O)O)O)C(=O)[O-])C(=O)[O-])C(=O)[O-])OCC1C(C(C(C(O1)OP(=O)([O-])[O-])NC(=O)CC(CCCCCCCCCCC)O)OC(=O)CC(CCCCCCCCCCC)O)O)NC(=O)CC(CCCCCCCCCCC)OC(=O)CCCCCCCCCCC', 134820216)
extracting: 3961it [2:11:32,  1.83it/s]except ('S', 402)
extracting: 3996it [2:13:16,  2.16it/s]except ('CC1C(=O)NC(C(=O)NC2CCCC(NC(=O)C(NC(=O)C(NC(=O)C(NC(=O)C(NC(=O)C(OC3C(C(OC(C3OC4C(C(C(C(O4)CO)O)O)NC(=O)C)CO)OC5C(OC(C(C5O)NC(=O)C)OC6C(OC(C(C6OC(C(=O)N1)C)NC(=O)C)OC7C(OC(C(C7O)NC(=O)C)OC8C(OC=C(C8OC(C(=O)NC(C(=O)NC(C(=O)NC(CCCC(NC(=O)C(NC2=O)C)C(=O)O)C(=O)NC(C)C(=O)NC(C)C(=O)O)CCC(=O)O)C)C)NC(=O)C)CO)CO)CO)CO)NC(=O)C)C)C)CCC(=O)O)CCCC(C(=O)O)N)C)C(=O)O)CCC(=O)O', 46173118)
extracting: 4001it [2:14:51,  7.15s/it]except ('C(C1C(C(C(C(O1)OC2C(OC(C(C2O)O)OC3C(OC(C(C3O)O)OC4C(OC(C(C4O)O)OC5C(OC(C(C5O)O)OC6C(OC(C(C6O)O)OC7C(OC(C(C7O)O)O)CO)CO)CO)CO)CO)CO)O)O)O)O', 13908996)
extracting: 4007it [2:14:59,  1.49s/it]except ('CCCCCCCCCCCCCC(=O)OC(CCCCCCCCCCC)CC(=O)OC1C(C(OC(C1OP(=O)([O-])[O-])COC2(CC(C(C(O2)C(CO)O)OC3C(C(C(C(O3)C(CO)O)OP(=O)([O-])[O-])OC4C(C(C(C(O4)C(COC5C(C(C(C(O5)C(CO)O)O)O)O)O)OP(=O)([O-])[O-])O)O)O)OC6(CC(C(C(O6)C(CO)O)O)O)C(=O)[O-])C(=O)[O-])OCC7C(C(C(C(O7)OP(=O)([O-])[O-])NC(=O)CC(CCCCCCCCCCC)O)OC(=O)CC(CCCCCCCCCCC)O)O)NC(=O)CC(CCCCCCCCCCC)OC(=O)CCCCCCCCCCC', 134820124)
extracting: 4008it [2:16:00, 19.58s/it]except ('CCCCCCCCCCCCCC(=O)OC(CCCCCCCCCCC)CC(=O)OC1C(C(OC(C1OP(=O)([O-])[O-])COC2(CC(C(C(O2)C(CO)O)OC3C(C(C(C(O3)C(CO)O)OP(=O)([O-])[O-])OC4C(C(C(C(O4)C(COC5C(C(C(C(O5)C(CO)O)O)O)O)O)OP(=O)([O-])[O-])O)O)O)OC6(CC(C(C(O6)C(CO)O)O)OC7(CC(C(C(O7)C(CO)O)O)O)C(=O)[O-])C(=O)[O-])C(=O)[O-])OCC8C(C(C(C(O8)OP(=O)([O-])[O-])NC(=O)CC(CCCCCCCCCCC)O)OC(=O)CC(CCCCCCCCCCC)O)O)NC(=O)CC(CCCCCCCCCCC)OC(=O)CCCCCCCCCCC', 134820521)
extracting: 4061it [2:16:40,  1.82it/s]except ('[Se-2]', 107674)
extracting: 4293it [2:22:54,  1.79it/s]except ('CC(CCC(=O)SCCNC(=O)CCNC(=O)C(C(C)(C)COP(=O)(O)OP(=O)(O)OCC1C(C(C(O1)N2C=NC3=C(N=CN=C32)N)O)OP(=O)(O)O)O)C4CCC5C4(CCC6C5C(CC7C6(CCC(C7)O)C)O)C', 11953854)
extracting: 4410it [2:25:41,  1.87it/s]except ('CC(CCC(=O)SCCNC(=O)CCNC(=O)C(C(C)(C)COP(=O)(O)OP(=O)(O)OCC1C(C(C(O1)N2C=NC3=C(N=CN=C32)N)O)OP(=O)(O)O)O)C4CCC5C4(C(CC6C5CCC7C6(CCC(C7)O)C)O)C', 24820763)
extracting: 4475it [2:28:28,  2.16it/s]except ('CC(CCC(C(C)C(=O)SCCNC(=O)CCNC(=O)C(C(C)(C)COP(=O)(O)OP(=O)(O)OCC1C(C(C(O1)N2C=NC3=C(N=CN=C32)N)O)OP(=O)(O)O)O)O)C4CCC5C4(C(CC6C5C(CC7C6(CCC(C7)O)C)O)O)C', 46224537)
extracting: 4528it [2:29:49,  2.21it/s]except ('CCCCCCCCCCCCCC(=O)OC(CCCCCCCCCCC)CC(=O)OC1C(C(OC(C1OP(=O)([O-])[O-])COC2(CC(C(C(O2)C(CO)O)OC3C(C(C(C(O3)C(CO)O)O)OC4C(C(C(C(O4)C(COC5C(C(C(C(O5)C(CO)O)O)O)O)O)OP(=O)([O-])[O-])O)O)O)OC6(CC(C(C(O6)C(CO)O)O)O)C(=O)[O-])C(=O)[O-])OCC7C(C(C(C(O7)OP(=O)([O-])[O-])NC(=O)CC(CCCCCCCCCCC)O)OC(=O)CC(CCCCCCCCCCC)O)O)NC(=O)CC(CCCCCCCCCCC)OC(=O)CCCCCCCCCCC', 134820469)
except ('CCCCCCCCCCCCCC(=O)OC(CCCCCCCCCCC)CC(=O)OC1C(C(OC(C1OP(=O)([O-])[O-])COC2(CC(C(C(O2)C(CO)O)OC3C(C(C(C(O3)C(CO)O)O)OC4C(C(C(C(O4)C(CO)O)OP(=O)([O-])[O-])O)O)O)OC5(CC(C(C(O5)C(CO)O)O)O)C(=O)[O-])C(=O)[O-])OCC6C(C(C(C(O6)OP(=O)([O-])[O-])NC(=O)CC(CCCCCCCCCCC)O)OC(=O)CC(CCCCCCCCCCC)O)O)NC(=O)CC(CCCCCCCCCCC)OC(=O)CCCCCCCCCCC', 134820049)
extracting: 4533it [2:31:02,  6.85s/it]except ('CC1C(=O)NC(C(=O)NC(C(=O)NC(C(=O)NC(CCCC(NC(=O)C(NC(=O)C(NC(=O)C(OC2C(C(OC=C2NC(=O)C)CO)OC3C(C(C(C(O3)CO)OC4C(C(C(C(O4)CO)OC5C(C(C(C(O5)CO)OC6C(C(C(C(O6)CO)OC7C(C(C(C(O7)CO)O)O)NC(=O)C)OC(C)C(=O)NC(C)C(=O)NC(CCC(=O)[O-])C(=O)NC(CCCC(C(=O)[O-])[NH3+])C(=O)NC(C)C(=O)[O-])NC(=O)C)O)NC(=O)C)OC(C(=O)N1)C)NC(=O)C)O)NC(=O)C)C)C)CCC(=O)[O-])C(=O)NC(C)C(=O)[O-])C(=O)[O-])C)CCCC(C(=O)[O-])[NH3+])CCC(=O)[O-]', 46173100)
extracting: 4604it [2:32:16,  1.14it/s]except ('[CH3-].CC1=CC2=C(C=C1C)N(C=N2)C3C(C(C(O3)CO)OP(=O)([O-])OC(C)CNC(=O)CCC4(C(C5C6(C(C(C(=C(C7=NC(=CC8=NC(=C(C4=N5)C)C(C8(C)C)CCC(=O)N)C(C7(C)CC(=O)N)CCC(=O)N)C)[N-]6)CCC(=O)N)(C)CC(=O)N)C)CC(=O)N)C)O.[Co+3]', 10898559)
extracting: 4615it [2:35:00,  2.02s/it]

